#
# A fatal error has been detected by the Java Runtime Environment:
#
#  Internal Error (javaClasses.cpp:136), pid=30589, tid=140694179837696
#  fatal error: Invalid layout of preloaded class
#
# JRE version:  (7.0_51) (build )
# Java VM: OpenJDK 64-Bit Server VM (24.45-b08 mixed mode linux-amd64 compressed oops)
# Failed to write core dump. Core dumps have been disabled. To enable core dumping, try "ulimit -c unlimited" before starting Java again
#
# If you would like to submit a bug report, please include
# instructions on how to reproduce the bug and visit:
#   http://icedtea.classpath.org/bugzilla
#

---------------  T H R E A D  ---------------

Current thread (0x00007ff5e400d800):  JavaThread "Unknown thread" [_thread_in_vm, id=30591, stack(0x00007ff5ea8c7000,0x00007ff5ea9c8000)]

Stack: [0x00007ff5ea8c7000,0x00007ff5ea9c8000],  sp=0x00007ff5ea9c68a0,  free space=1022k
Native frames: (J=compiled Java code, j=interpreted, Vv=VM code, C=native code)
V  [libjvm.so+0x9163b5]  VMError::report_and_die()+0x175
V  [libjvm.so+0x4666d4]  report_fatal(char const*, int, char const*)+0x54
V  [libjvm.so+0x5bf5ba]  compute_offset(int&, klassOopDesc*, Symbol*, Symbol*, bool) [clone .constprop.121]+0x10a
V  [libjvm.so+0x5bfbc6]  java_lang_String::compute_offsets()+0x36
V  [libjvm.so+0x89d01c]  SystemDictionary::initialize_preloaded_classes(Thread*)+0xcc
V  [libjvm.so+0x8e7fa8]  Universe::genesis(Thread*)+0x468
V  [libjvm.so+0x8e85b4]  universe2_init()+0x24
V  [libjvm.so+0x57429a]  init_globals()+0x9a
V  [libjvm.so+0x8cb87f]  Threads::create_vm(JavaVMInitArgs*, bool*)+0x35f
V  [libjvm.so+0x5ddb14]  JNI_CreateJavaVM+0x54
C  [libjli.so+0x2b18]  __strcat_chk+0x2b18


---------------  P R O C E S S  ---------------

Java Threads: ( => current thread )

Other Threads:

=>0x00007ff5e400d800 (exited) JavaThread "Unknown thread" [_thread_in_vm, id=30591, stack(0x00007ff5ea8c7000,0x00007ff5ea9c8000)]

VM state:not at safepoint (not fully initialized)

VM Mutex/Monitor currently owned by a thread: None

GC Heap History (0 events):
No events

Deoptimization events (0 events):
No events

Internal exceptions (0 events):
No events

Events (10 events):
Event: 0,020 loading class 0x00007ff5de3786f0 done
Event: 0,020 loading class 0x00007ff5de378110 done
Event: 0,020 loading class 0x00007ff5de3780f0
Event: 0,020 loading class 0x00007ff5de380130
Event: 0,020 loading class 0x00007ff5de380130 done
Event: 0,020 loading class 0x00007ff5de380160
Event: 0,020 loading class 0x00007ff5de380160 done
Event: 0,020 loading class 0x00007ff5de380190
Event: 0,020 loading class 0x00007ff5de380190 done
Event: 0,020 loading class 0x00007ff5de3780f0 done


Dynamic libraries:
00400000-00401000 r-xp 00000000 08:11 4198552                            /usr/lib/jvm/java-7-openjdk-amd64/jre/bin/java
00600000-00601000 r--p 00000000 08:11 4198552                            /usr/lib/jvm/java-7-openjdk-amd64/jre/bin/java
00601000-00602000 rw-p 00001000 08:11 4198552                            /usr/lib/jvm/java-7-openjdk-amd64/jre/bin/java
01a1b000-01a3c000 rw-p 00000000 00:00 0                                  [heap]
73ba00000-73cf00000 rw-p 00000000 00:00 0 
73cf00000-746000000 rw-p 00000000 00:00 0 
746000000-74dc00000 rw-p 00000000 00:00 0 
74dc00000-7c2000000 rw-p 00000000 00:00 0 
7c2000000-7c5e00000 rw-p 00000000 00:00 0 
7c5e00000-800000000 rw-p 00000000 00:00 0 
7ff5c1dd0000-7ff5c8000000 rw-p 00000000 00:00 0 
7ff5c8000000-7ff5c8021000 rw-p 00000000 00:00 0 
7ff5c8021000-7ff5cc000000 ---p 00000000 00:00 0 
7ff5cc000000-7ff5cc021000 rw-p 00000000 00:00 0 
7ff5cc021000-7ff5d0000000 ---p 00000000 00:00 0 
7ff5d0000000-7ff5d0021000 rw-p 00000000 00:00 0 
7ff5d0021000-7ff5d4000000 ---p 00000000 00:00 0 
7ff5d8000000-7ff5d8021000 rw-p 00000000 00:00 0 
7ff5d8021000-7ff5dc000000 ---p 00000000 00:00 0 
7ff5ddfce000-7ff5de22b000 rw-p 00000000 00:00 0 
7ff5de22b000-7ff5de302000 r--s 013fe000 08:11 396180                     /home/kai/android-sdks/platforms/android-19/android.jar
7ff5de302000-7ff5de9f6000 rw-p 00000000 00:00 0 
7ff5de9f6000-7ff5de9f7000 ---p 00000000 00:00 0 
7ff5de9f7000-7ff5deaf7000 rw-p 00000000 00:00 0                          [stack:30599]
7ff5deaf7000-7ff5deaf8000 ---p 00000000 00:00 0 
7ff5deaf8000-7ff5debf8000 rw-p 00000000 00:00 0                          [stack:30598]
7ff5debf8000-7ff5debf9000 ---p 00000000 00:00 0 
7ff5debf9000-7ff5ded37000 rw-p 00000000 00:00 0                          [stack:30597]
7ff5ded37000-7ff5df0d9000 rw-p 00000000 00:00 0 
7ff5df0d9000-7ff5df0e4000 rw-p 00000000 00:00 0 
7ff5df0e4000-7ff5df12c000 rw-p 00000000 00:00 0 
7ff5df12c000-7ff5df16a000 rw-p 00000000 00:00 0 
7ff5df16a000-7ff5df50c000 rw-p 00000000 00:00 0 
7ff5df50c000-7ff5df52b000 rw-p 00000000 00:00 0 
7ff5df52b000-7ff5df6fc000 rw-p 00000000 00:00 0 
7ff5df6fc000-7ff5df6fd000 rw-p 00000000 00:00 0 
7ff5df6fd000-7ff5df96d000 rwxp 00000000 00:00 0 
7ff5df96d000-7ff5e26fd000 rw-p 00000000 00:00 0 
7ff5e26fd000-7ff5e2705000 r-xp 00000000 08:11 4074279                    /usr/lib/jvm/java-7-openjdk-amd64/jre/lib/amd64/libzip.so
7ff5e2705000-7ff5e2904000 ---p 00008000 08:11 4074279                    /usr/lib/jvm/java-7-openjdk-amd64/jre/lib/amd64/libzip.so
7ff5e2904000-7ff5e2905000 r--p 00007000 08:11 4074279                    /usr/lib/jvm/java-7-openjdk-amd64/jre/lib/amd64/libzip.so
7ff5e2905000-7ff5e2906000 rw-p 00008000 08:11 4074279                    /usr/lib/jvm/java-7-openjdk-amd64/jre/lib/amd64/libzip.so
7ff5e2906000-7ff5e2912000 r-xp 00000000 08:11 135093                     /lib/x86_64-linux-gnu/libnss_files-2.17.so
7ff5e2912000-7ff5e2b11000 ---p 0000c000 08:11 135093                     /lib/x86_64-linux-gnu/libnss_files-2.17.so
7ff5e2b11000-7ff5e2b12000 r--p 0000b000 08:11 135093                     /lib/x86_64-linux-gnu/libnss_files-2.17.so
7ff5e2b12000-7ff5e2b13000 rw-p 0000c000 08:11 135093                     /lib/x86_64-linux-gnu/libnss_files-2.17.so
7ff5e2b13000-7ff5e2b1e000 r-xp 00000000 08:11 135097                     /lib/x86_64-linux-gnu/libnss_nis-2.17.so
7ff5e2b1e000-7ff5e2d1d000 ---p 0000b000 08:11 135097                     /lib/x86_64-linux-gnu/libnss_nis-2.17.so
7ff5e2d1d000-7ff5e2d1e000 r--p 0000a000 08:11 135097                     /lib/x86_64-linux-gnu/libnss_nis-2.17.so
7ff5e2d1e000-7ff5e2d1f000 rw-p 0000b000 08:11 135097                     /lib/x86_64-linux-gnu/libnss_nis-2.17.so
7ff5e2d1f000-7ff5e2d36000 r-xp 00000000 08:11 135087                     /lib/x86_64-linux-gnu/libnsl-2.17.so
7ff5e2d36000-7ff5e2f35000 ---p 00017000 08:11 135087                     /lib/x86_64-linux-gnu/libnsl-2.17.so
7ff5e2f35000-7ff5e2f36000 r--p 00016000 08:11 135087                     /lib/x86_64-linux-gnu/libnsl-2.17.so
7ff5e2f36000-7ff5e2f37000 rw-p 00017000 08:11 135087                     /lib/x86_64-linux-gnu/libnsl-2.17.so
7ff5e2f37000-7ff5e2f39000 rw-p 00000000 00:00 0 
7ff5e2f39000-7ff5e2f41000 r-xp 00000000 08:11 135089                     /lib/x86_64-linux-gnu/libnss_compat-2.17.so
7ff5e2f41000-7ff5e3140000 ---p 00008000 08:11 135089                     /lib/x86_64-linux-gnu/libnss_compat-2.17.so
7ff5e3140000-7ff5e3141000 r--p 00007000 08:11 135089                     /lib/x86_64-linux-gnu/libnss_compat-2.17.so
7ff5e3141000-7ff5e3142000 rw-p 00008000 08:11 135089                     /lib/x86_64-linux-gnu/libnss_compat-2.17.so
7ff5e3142000-7ff5e3994000 r--p 00000000 08:11 3939143                    /usr/lib/locale/locale-archive
7ff5e3994000-7ff5e3997000 r-xp 00000000 08:11 4074288                    /usr/lib/jvm/java-7-openjdk-amd64/jre/lib/amd64/libnpt.so
7ff5e3997000-7ff5e3b96000 ---p 00003000 08:11 4074288                    /usr/lib/jvm/java-7-openjdk-amd64/jre/lib/amd64/libnpt.so
7ff5e3b96000-7ff5e3b97000 r--p 00002000 08:11 4074288                    /usr/lib/jvm/java-7-openjdk-amd64/jre/lib/amd64/libnpt.so
7ff5e3b97000-7ff5e3b98000 rw-p 00003000 08:11 4074288                    /usr/lib/jvm/java-7-openjdk-amd64/jre/lib/amd64/libnpt.so
7ff5e3b98000-7ff5e3bd2000 r-xp 00000000 08:11 4074289                    /usr/lib/jvm/java-7-openjdk-amd64/jre/lib/amd64/libjdwp.so
7ff5e3bd2000-7ff5e3dd1000 ---p 0003a000 08:11 4074289                    /usr/lib/jvm/java-7-openjdk-amd64/jre/lib/amd64/libjdwp.so
7ff5e3dd1000-7ff5e3dd2000 r--p 00039000 08:11 4074289                    /usr/lib/jvm/java-7-openjdk-amd64/jre/lib/amd64/libjdwp.so
7ff5e3dd2000-7ff5e3dd3000 rw-p 0003a000 08:11 4074289                    /usr/lib/jvm/java-7-openjdk-amd64/jre/lib/amd64/libjdwp.so
7ff5e3dd3000-7ff5e3dfe000 r-xp 00000000 08:11 4074276                    /usr/lib/jvm/java-7-openjdk-amd64/jre/lib/amd64/libjava.so
7ff5e3dfe000-7ff5e3ffd000 ---p 0002b000 08:11 4074276                    /usr/lib/jvm/java-7-openjdk-amd64/jre/lib/amd64/libjava.so
7ff5e3ffd000-7ff5e3ffe000 r--p 0002a000 08:11 4074276                    /usr/lib/jvm/java-7-openjdk-amd64/jre/lib/amd64/libjava.so
7ff5e3ffe000-7ff5e4000000 rw-p 0002b000 08:11 4074276                    /usr/lib/jvm/java-7-openjdk-amd64/jre/lib/amd64/libjava.so
7ff5e4000000-7ff5e4059000 rw-p 00000000 00:00 0 
7ff5e4059000-7ff5e8000000 ---p 00000000 00:00 0 
7ff5e8007000-7ff5e806d000 rw-p 00000000 00:00 0 
7ff5e806d000-7ff5e806e000 ---p 00000000 00:00 0 
7ff5e806e000-7ff5e8179000 rw-p 00000000 00:00 0                          [stack:30596]
7ff5e8179000-7ff5e81c1000 rw-p 00000000 00:00 0 
7ff5e81c1000-7ff5e81d1000 r-xp 00000000 08:11 4074290                    /usr/lib/jvm/java-7-openjdk-amd64/jre/lib/amd64/libverify.so
7ff5e81d1000-7ff5e83d0000 ---p 00010000 08:11 4074290                    /usr/lib/jvm/java-7-openjdk-amd64/jre/lib/amd64/libverify.so
7ff5e83d0000-7ff5e83d2000 r--p 0000f000 08:11 4074290                    /usr/lib/jvm/java-7-openjdk-amd64/jre/lib/amd64/libverify.so
7ff5e83d2000-7ff5e83d3000 rw-p 00011000 08:11 4074290                    /usr/lib/jvm/java-7-openjdk-amd64/jre/lib/amd64/libverify.so
7ff5e83d3000-7ff5e83da000 r-xp 00000000 08:11 135140                     /lib/x86_64-linux-gnu/librt-2.17.so
7ff5e83da000-7ff5e85d9000 ---p 00007000 08:11 135140                     /lib/x86_64-linux-gnu/librt-2.17.so
7ff5e85d9000-7ff5e85da000 r--p 00006000 08:11 135140                     /lib/x86_64-linux-gnu/librt-2.17.so
7ff5e85da000-7ff5e85db000 rw-p 00007000 08:11 135140                     /lib/x86_64-linux-gnu/librt-2.17.so
7ff5e85db000-7ff5e85f0000 r-xp 00000000 08:11 131077                     /lib/x86_64-linux-gnu/libgcc_s.so.1
7ff5e85f0000-7ff5e87ef000 ---p 00015000 08:11 131077                     /lib/x86_64-linux-gnu/libgcc_s.so.1
7ff5e87ef000-7ff5e87f0000 r--p 00014000 08:11 131077                     /lib/x86_64-linux-gnu/libgcc_s.so.1
7ff5e87f0000-7ff5e87f1000 rw-p 00015000 08:11 131077                     /lib/x86_64-linux-gnu/libgcc_s.so.1
7ff5e87f1000-7ff5e88f4000 r-xp 00000000 08:11 135068                     /lib/x86_64-linux-gnu/libm-2.17.so
7ff5e88f4000-7ff5e8af3000 ---p 00103000 08:11 135068                     /lib/x86_64-linux-gnu/libm-2.17.so
7ff5e8af3000-7ff5e8af4000 r--p 00102000 08:11 135068                     /lib/x86_64-linux-gnu/libm-2.17.so
7ff5e8af4000-7ff5e8af5000 rw-p 00103000 08:11 135068                     /lib/x86_64-linux-gnu/libm-2.17.so
7ff5e8af5000-7ff5e8bdb000 r-xp 00000000 08:11 3936208                    /usr/lib/x86_64-linux-gnu/libstdc++.so.6.0.18
7ff5e8bdb000-7ff5e8dda000 ---p 000e6000 08:11 3936208                    /usr/lib/x86_64-linux-gnu/libstdc++.so.6.0.18
7ff5e8dda000-7ff5e8de2000 r--p 000e5000 08:11 3936208                    /usr/lib/x86_64-linux-gnu/libstdc++.so.6.0.18
7ff5e8de2000-7ff5e8de4000 rw-p 000ed000 08:11 3936208                    /usr/lib/x86_64-linux-gnu/libstdc++.so.6.0.18
7ff5e8de4000-7ff5e8df9000 rw-p 00000000 00:00 0 
7ff5e8df9000-7ff5e98d8000 r-xp 00000000 08:11 4074304                    /usr/lib/jvm/java-7-openjdk-amd64/jre/lib/amd64/server/libjvm.so
7ff5e98d8000-7ff5e9ad7000 ---p 00adf000 08:11 4074304                    /usr/lib/jvm/java-7-openjdk-amd64/jre/lib/amd64/server/libjvm.so
7ff5e9ad7000-7ff5e9b69000 r--p 00ade000 08:11 4074304                    /usr/lib/jvm/java-7-openjdk-amd64/jre/lib/amd64/server/libjvm.so
7ff5e9b69000-7ff5e9b8c000 rw-p 00b70000 08:11 4074304                    /usr/lib/jvm/java-7-openjdk-amd64/jre/lib/amd64/server/libjvm.so
7ff5e9b8c000-7ff5e9bb9000 rw-p 00000000 00:00 0 
7ff5e9bb9000-7ff5e9bd1000 r-xp 00000000 08:11 135175                     /lib/x86_64-linux-gnu/libz.so.1.2.8
7ff5e9bd1000-7ff5e9dd0000 ---p 00018000 08:11 135175                     /lib/x86_64-linux-gnu/libz.so.1.2.8
7ff5e9dd0000-7ff5e9dd1000 r--p 00017000 08:11 135175                     /lib/x86_64-linux-gnu/libz.so.1.2.8
7ff5e9dd1000-7ff5e9dd2000 rw-p 00018000 08:11 135175                     /lib/x86_64-linux-gnu/libz.so.1.2.8
7ff5e9dd2000-7ff5e9de9000 r-xp 00000000 08:11 135132                     /lib/x86_64-linux-gnu/libpthread-2.17.so
7ff5e9de9000-7ff5e9fe9000 ---p 00017000 08:11 135132                     /lib/x86_64-linux-gnu/libpthread-2.17.so
7ff5e9fe9000-7ff5e9fea000 r--p 00017000 08:11 135132                     /lib/x86_64-linux-gnu/libpthread-2.17.so
7ff5e9fea000-7ff5e9feb000 rw-p 00018000 08:11 135132                     /lib/x86_64-linux-gnu/libpthread-2.17.so
7ff5e9feb000-7ff5e9fef000 rw-p 00000000 00:00 0 
7ff5e9fef000-7ff5e9ff2000 r-xp 00000000 08:11 135032                     /lib/x86_64-linux-gnu/libdl-2.17.so
7ff5e9ff2000-7ff5ea1f1000 ---p 00003000 08:11 135032                     /lib/x86_64-linux-gnu/libdl-2.17.so
7ff5ea1f1000-7ff5ea1f2000 r--p 00002000 08:11 135032                     /lib/x86_64-linux-gnu/libdl-2.17.so
7ff5ea1f2000-7ff5ea1f3000 rw-p 00003000 08:11 135032                     /lib/x86_64-linux-gnu/libdl-2.17.so
7ff5ea1f3000-7ff5ea3b0000 r-xp 00000000 08:11 135017                     /lib/x86_64-linux-gnu/libc-2.17.so
7ff5ea3b0000-7ff5ea5b0000 ---p 001bd000 08:11 135017                     /lib/x86_64-linux-gnu/libc-2.17.so
7ff5ea5b0000-7ff5ea5b4000 r--p 001bd000 08:11 135017                     /lib/x86_64-linux-gnu/libc-2.17.so
7ff5ea5b4000-7ff5ea5b6000 rw-p 001c1000 08:11 135017                     /lib/x86_64-linux-gnu/libc-2.17.so
7ff5ea5b6000-7ff5ea5bb000 rw-p 00000000 00:00 0 
7ff5ea5bb000-7ff5ea5c8000 r-xp 00000000 08:11 4074310                    /usr/lib/jvm/java-7-openjdk-amd64/jre/lib/amd64/jli/libjli.so
7ff5ea5c8000-7ff5ea7c7000 ---p 0000d000 08:11 4074310                    /usr/lib/jvm/java-7-openjdk-amd64/jre/lib/amd64/jli/libjli.so
7ff5ea7c7000-7ff5ea7c8000 r--p 0000c000 08:11 4074310                    /usr/lib/jvm/java-7-openjdk-amd64/jre/lib/amd64/jli/libjli.so
7ff5ea7c8000-7ff5ea7c9000 rw-p 0000d000 08:11 4074310                    /usr/lib/jvm/java-7-openjdk-amd64/jre/lib/amd64/jli/libjli.so
7ff5ea7c9000-7ff5ea7ec000 r-xp 00000000 08:11 134993                     /lib/x86_64-linux-gnu/ld-2.17.so
7ff5ea807000-7ff5ea811000 rw-p 00000000 00:00 0 
7ff5ea811000-7ff5ea8c7000 rw-p 00000000 00:00 0 
7ff5ea8c7000-7ff5ea8ca000 ---p 00000000 00:00 0 
7ff5ea8ca000-7ff5ea9cd000 rw-p 00000000 00:00 0                          [stack:30591]
7ff5ea9dd000-7ff5ea9df000 rw-p 00000000 00:00 0 
7ff5ea9df000-7ff5ea9e7000 rw-s 00000000 08:11 6033091                    /tmp/hsperfdata_kai/30589
7ff5ea9e7000-7ff5ea9e8000 rw-p 00000000 00:00 0 
7ff5ea9e8000-7ff5ea9e9000 r--p 00000000 00:00 0 
7ff5ea9e9000-7ff5ea9eb000 rw-p 00000000 00:00 0 
7ff5ea9eb000-7ff5ea9ec000 r--p 00022000 08:11 134993                     /lib/x86_64-linux-gnu/ld-2.17.so
7ff5ea9ec000-7ff5ea9ee000 rw-p 00023000 08:11 134993                     /lib/x86_64-linux-gnu/ld-2.17.so
7fff1c2de000-7fff1c2ff000 rw-p 00000000 00:00 0                          [stack]
7fff1c3d8000-7fff1c3da000 r-xp 00000000 00:00 0                          [vdso]
ffffffffff600000-ffffffffff601000 r-xp 00000000 00:00 0                  [vsyscall]

VM Arguments:
jvm_args: -agentlib:jdwp=transport=dt_socket,suspend=y,address=localhost:34600 -Dfile.encoding=UTF-8 -Xbootclasspath:/home/kai/android-sdks/platforms/android-19/android.jar 
java_command: de.dhbw.studientag.TestMain ulimit -c unlimited
Launcher Type: SUN_STANDARD

Environment Variables:
PATH=/usr/local/sbin:/usr/local/bin:/usr/sbin:/usr/bin:/sbin:/bin:/usr/games:/usr/local/games
USERNAME=kai
SHELL=/bin/bash
DISPLAY=:0

Signal Handlers:
SIGSEGV: [libjvm.so+0x916ea0], sa_mask[0]=0x7ffbfeff, sa_flags=0x10000004
SIGBUS: [libjvm.so+0x916ea0], sa_mask[0]=0x7ffbfeff, sa_flags=0x10000004
SIGFPE: [libjvm.so+0x794800], sa_mask[0]=0x7ffbfeff, sa_flags=0x10000004
SIGPIPE: [libjvm.so+0x794800], sa_mask[0]=0x7ffbfeff, sa_flags=0x10000004
SIGXFSZ: [libjvm.so+0x794800], sa_mask[0]=0x7ffbfeff, sa_flags=0x10000004
SIGILL: [libjvm.so+0x794800], sa_mask[0]=0x7ffbfeff, sa_flags=0x10000004
SIGUSR1: SIG_DFL, sa_mask[0]=0x00000000, sa_flags=0x00000000
SIGUSR2: [libjvm.so+0x7946a0], sa_mask[0]=0x00000004, sa_flags=0x10000004
SIGHUP: SIG_DFL, sa_mask[0]=0x00000000, sa_flags=0x00000000
SIGINT: SIG_DFL, sa_mask[0]=0x00000000, sa_flags=0x00000000
SIGTERM: SIG_DFL, sa_mask[0]=0x00000000, sa_flags=0x00000000
SIGQUIT: SIG_DFL, sa_mask[0]=0x00000000, sa_flags=0x00000000


---------------  S Y S T E M  ---------------

OS:Ubuntu 13.10 (saucy)
uname:Linux 3.11.0-15-generic #25-Ubuntu SMP Thu Jan 30 17:22:01 UTC 2014 x86_64
libc:glibc 2.17 NPTL 2.17 
rlimit: STACK 8192k, CORE 0k, NPROC 95043, NOFILE 4096, AS infinity
load average:0,16 0,20 0,24

/proc/meminfo:
MemTotal:       12185804 kB
MemFree:         7207800 kB
Buffers:          252364 kB
Cached:          2330252 kB
SwapCached:            0 kB
Active:          2870976 kB
Inactive:        1791428 kB
Active(anon):    2082364 kB
Inactive(anon):  1102064 kB
Active(file):     788612 kB
Inactive(file):   689364 kB
Unevictable:          16 kB
Mlocked:              16 kB
SwapTotal:             0 kB
SwapFree:              0 kB
Dirty:               136 kB
Writeback:             0 kB
AnonPages:       2080156 kB
Mapped:           409964 kB
Shmem:           1104448 kB
Slab:             133164 kB
SReclaimable:      98064 kB
SUnreclaim:        35100 kB
KernelStack:        4816 kB
PageTables:        45864 kB
NFS_Unstable:          0 kB
Bounce:                0 kB
WritebackTmp:          0 kB
CommitLimit:     6092900 kB
Committed_AS:    7660412 kB
VmallocTotal:   34359738367 kB
VmallocUsed:      379520 kB
VmallocChunk:   34359347068 kB
HardwareCorrupted:     0 kB
AnonHugePages:         0 kB
HugePages_Total:       0
HugePages_Free:        0
HugePages_Rsvd:        0
HugePages_Surp:        0
Hugepagesize:       2048 kB
DirectMap4k:       87680 kB
DirectMap2M:    12376064 kB


CPU:total 4 (2 cores per cpu, 2 threads per core) family 6 model 42 stepping 7, cmov, cx8, fxsr, mmx, sse, sse2, sse3, ssse3, sse4.1, sse4.2, popcnt, avx, aes, ht, tsc, tscinvbit

/proc/cpuinfo:
processor	: 0
vendor_id	: GenuineIntel
cpu family	: 6
model		: 42
model name	: Intel(R) Core(TM) i5-2520M CPU @ 2.50GHz
stepping	: 7
microcode	: 0x29
cpu MHz		: 2501.000
cache size	: 3072 KB
physical id	: 0
siblings	: 4
core id		: 0
cpu cores	: 2
apicid		: 0
initial apicid	: 0
fpu		: yes
fpu_exception	: yes
cpuid level	: 13
wp		: yes
flags		: fpu vme de pse tsc msr pae mce cx8 apic sep mtrr pge mca cmov pat pse36 clflush dts acpi mmx fxsr sse sse2 ss ht tm pbe syscall nx rdtscp lm constant_tsc arch_perfmon pebs bts nopl xtopology nonstop_tsc aperfmperf eagerfpu pni pclmulqdq dtes64 monitor ds_cpl vmx smx est tm2 ssse3 cx16 xtpr pdcm pcid sse4_1 sse4_2 x2apic popcnt tsc_deadline_timer aes xsave avx lahf_lm ida arat epb xsaveopt pln pts dtherm tpr_shadow vnmi flexpriority ept vpid
bogomips	: 4983.79
clflush size	: 64
cache_alignment	: 64
address sizes	: 36 bits physical, 48 bits virtual
power management:

processor	: 1
vendor_id	: GenuineIntel
cpu family	: 6
model		: 42
model name	: Intel(R) Core(TM) i5-2520M CPU @ 2.50GHz
stepping	: 7
microcode	: 0x29
cpu MHz		: 2501.000
cache size	: 3072 KB
physical id	: 0
siblings	: 4
core id		: 0
cpu cores	: 2
apicid		: 1
initial apicid	: 1
fpu		: yes
fpu_exception	: yes
cpuid level	: 13
wp		: yes
flags		: fpu vme de pse tsc msr pae mce cx8 apic sep mtrr pge mca cmov pat pse36 clflush dts acpi mmx fxsr sse sse2 ss ht tm pbe syscall nx rdtscp lm constant_tsc arch_perfmon pebs bts nopl xtopology nonstop_tsc aperfmperf eagerfpu pni pclmulqdq dtes64 monitor ds_cpl vmx smx est tm2 ssse3 cx16 xtpr pdcm pcid sse4_1 sse4_2 x2apic popcnt tsc_deadline_timer aes xsave avx lahf_lm ida arat epb xsaveopt pln pts dtherm tpr_shadow vnmi flexpriority ept vpid
bogomips	: 4983.79
clflush size	: 64
cache_alignment	: 64
address sizes	: 36 bits physical, 48 bits virtual
power management:

processor	: 2
vendor_id	: GenuineIntel
cpu family	: 6
model		: 42
model name	: Intel(R) Core(TM) i5-2520M CPU @ 2.50GHz
stepping	: 7
microcode	: 0x29
cpu MHz		: 2501.000
cache size	: 3072 KB
physical id	: 0
siblings	: 4
core id		: 1
cpu cores	: 2
apicid		: 2
initial apicid	: 2
fpu		: yes
fpu_exception	: yes
cpuid level	: 13
wp		: yes
flags		: fpu vme de pse tsc msr pae mce cx8 apic sep mtrr pge mca cmov pat pse36 clflush dts acpi mmx fxsr sse sse2 ss ht tm pbe syscall nx rdtscp lm constant_tsc arch_perfmon pebs bts nopl xtopology nonstop_tsc aperfmperf eagerfpu pni pclmulqdq dtes64 monitor ds_cpl vmx smx est tm2 ssse3 cx16 xtpr pdcm pcid sse4_1 sse4_2 x2apic popcnt tsc_deadline_timer aes xsave avx lahf_lm ida arat epb xsaveopt pln pts dtherm tpr_shadow vnmi flexpriority ept vpid
bogomips	: 4983.79
clflush size	: 64
cache_alignment	: 64
address sizes	: 36 bits physical, 48 bits virtual
power management:

processor	: 3
vendor_id	: GenuineIntel
cpu family	: 6
model		: 42
model name	: Intel(R) Core(TM) i5-2520M CPU @ 2.50GHz
stepping	: 7
microcode	: 0x29
cpu MHz		: 2200.000
cache size	: 3072 KB
physical id	: 0
siblings	: 4
core id		: 1
cpu cores	: 2
apicid		: 3
initial apicid	: 3
fpu		: yes
fpu_exception	: yes
cpuid level	: 13
wp		: yes
flags		: fpu vme de pse tsc msr pae mce cx8 apic sep mtrr pge mca cmov pat pse36 clflush dts acpi mmx fxsr sse sse2 ss ht tm pbe syscall nx rdtscp lm constant_tsc arch_perfmon pebs bts nopl xtopology nonstop_tsc aperfmperf eagerfpu pni pclmulqdq dtes64 monitor ds_cpl vmx smx est tm2 ssse3 cx16 xtpr pdcm pcid sse4_1 sse4_2 x2apic popcnt tsc_deadline_timer aes xsave avx lahf_lm ida arat epb xsaveopt pln pts dtherm tpr_shadow vnmi flexpriority ept vpid
bogomips	: 4983.79
clflush size	: 64
cache_alignment	: 64
address sizes	: 36 bits physical, 48 bits virtual
power management:



Memory: 4k page, physical 12185804k(7207800k free), swap 0k(0k free)

vm_info: OpenJDK 64-Bit Server VM (24.45-b08) for linux-amd64 JRE (1.7.0_51-b00), built on Jan 15 2014 22:02:57 by "buildd" with gcc 4.8.1

time: Tue Feb 18 19:09:14 2014
elapsed time: 0 seconds

